[handleMsg]:  {
  key: {
    remoteJid: '5491165210649@s.whatsapp.net',
    fromMe: false,
    id: '3EB0ECBFF9E59CE3052206',
    participant: undefined
  },
  messageTimestamp: 1713581568,
  pushName: 'Sebastián Bocaccio',
  broadcast: false,
  message: Message {
    conversation: 'bueno',
    messageContextInfo: MessageContextInfo {
      deviceListMetadata: [DeviceListMetadata],
      deviceListMetadataVersion: 2
    }
  },
  body: 'bueno',
  from: '5491165210649'
}
[QUEUE_SE_ENVIO]:  {
  ref: 'ans_649d1e0d-a617-4028-bdf5-178c9c24221d',
  keyword: 'key_f89dc5e2-bc89-44fa-b977-aa0627bec0c1',
  answer: '__call_action__',
  options: {
    media: null,
    buttons: [],
    capture: false,
    child: null,
    delay: 0,
    idle: null,
    ref: null,
    nested: [],
    keyword: {},
    callback: true
  },
  refSerialize: 'f8c2566a38840edf675f356eddd1719c'
}
[handleMsg]:  {
  key: {
    remoteJid: '5491165210649@s.whatsapp.net',
    fromMe: false,
    id: '3EB06637841A06E9A9CE4D',
    participant: undefined
  },
  messageTimestamp: 1713581573,
  pushName: 'Sebastián Bocaccio',
  broadcast: false,
  message: Message {
    conversation: 'dale',
    messageContextInfo: MessageContextInfo {
      deviceListMetadata: [DeviceListMetadata],
      deviceListMetadataVersion: 2
    }
  },
  body: 'dale',
  from: '5491165210649'
}
[QUEUE_SE_ENVIO]:  {
  ref: 'ans_649d1e0d-a617-4028-bdf5-178c9c24221d',
  keyword: 'key_f89dc5e2-bc89-44fa-b977-aa0627bec0c1',
  answer: '__call_action__',
  options: {
    media: null,
    buttons: [],
    capture: false,
    child: null,
    delay: 0,
    idle: null,
    ref: null,
    nested: [],
    keyword: {},
    callback: true
  },
  refSerialize: 'f8c2566a38840edf675f356eddd1719c'
}
[handleMsg]:  {
  key: {
    remoteJid: '5491165210649@s.whatsapp.net',
    fromMe: false,
    id: '3EB0BECB460D3F5DCF2E04',
    participant: undefined
  },
  messageTimestamp: 1713581576,
  pushName: 'Sebastián Bocaccio',
  broadcast: false,
  message: Message {
    conversation: 'PRENDER',
    messageContextInfo: MessageContextInfo {
      deviceListMetadata: [DeviceListMetadata],
      deviceListMetadataVersion: 2
    }
  },
  body: 'PRENDER',
  from: '5491165210649'
}
[QUEUE_SE_ENVIO]:  {
  ref: 'ans_59fa7410-bfe8-459a-be66-512a945c4fc4',
  keyword: 'key_ece4e629-9032-4cc0-9bfc-ae44a97795ea',
  answer: '__call_action__',
  options: {
    media: null,
    buttons: [],
    capture: false,
    child: null,
    delay: 0,
    idle: null,
    ref: null,
    nested: [],
    keyword: {},
    callback: true
  },
  refSerialize: '17be091c804ac142fcb0325ef474ecf0'
}
[handleMsg]:  {
  key: {
    remoteJid: '5491165210649@s.whatsapp.net',
    fromMe: false,
    id: '3EB01063A07892C9A27966',
    participant: undefined
  },
  messageTimestamp: 1713581625,
  pushName: 'Sebastián Bocaccio',
  broadcast: false,
  message: Message {
    conversation: 'HOLA',
    messageContextInfo: MessageContextInfo {
      deviceListMetadata: [DeviceListMetadata],
      deviceListMetadataVersion: 2
    }
  },
  body: 'HOLA',
  from: '5491165210649'
}
[QUEUE_SE_ENVIO]:  {
  ref: 'ans_59fa7410-bfe8-459a-be66-512a945c4fc4',
  keyword: 'key_ece4e629-9032-4cc0-9bfc-ae44a97795ea',
  answer: '__call_action__',
  options: {
    media: null,
    buttons: [],
    capture: false,
    child: null,
    delay: 0,
    idle: null,
    ref: null,
    nested: [],
    keyword: {},
    callback: true
  },
  refSerialize: '17be091c804ac142fcb0325ef474ecf0'
}
[QUEUE_SE_ENVIO]:  {
  ref: 'ans_edf73bd2-ca07-46d0-af3b-bca50431a3c5',
  keyword: 'ans_59fa7410-bfe8-459a-be66-512a945c4fc4',
  answer: '__call_action__',
  options: {
    media: null,
    buttons: [],
    capture: false,
    child: null,
    delay: 0,
    idle: null,
    ref: null,
    nested: [],
    keyword: {},
    callback: true
  },
  refSerialize: '1dc3744e1e7c676af6fd1799cc8ede66'
}
[QUEUE_SE_ENVIO]:  {
  ref: 'ans_fb9acc7e-10d1-40b7-9663-cbf45ddec3f0',
  keyword: 'ans_edf73bd2-ca07-46d0-af3b-bca50431a3c5',
  answer: '¡Hola, soy el asistente virtual de Atardeceres! Gracias por comunicarte! ☀️\n' +
    'Estoy encantado de brindarte la información necesaria para que conozcas nuestros complejos.',
  options: {
    media: null,
    buttons: [],
    capture: false,
    child: null,
    delay: 0,
    idle: null,
    ref: null,
    nested: [],
    keyword: {},
    callback: false
  },
  refSerialize: '140a7567e80bfbc12dc9ebf6e46c71d4'
}
[QUEUE_SE_ENVIO]:  {
  ref: 'ans_c15e9050-1b61-47cb-970d-6f43cf84e4a8',
  keyword: 'ans_fb9acc7e-10d1-40b7-9663-cbf45ddec3f0',
  answer: '1. *Información* 🔎: acá podes encontrar información de nuestros complejos, departamentos, instalaciones y tarifas\n' +
    '2. *Nosotros* 🖐🏻: Si ya nos conoces o deseas realizar otras consultas\n' +
    '\n' +
    'Por favor, elegí una de las opciones escribiendo el número o la palabra. Por ejemplo, si querés conocer nuestra información escribí "información" o "1"\n' +
    '\n' +
    'Nuestro horario de atención es de 09:00 hs a 20:00 de Lunes a Viernes, Sábados de 10:00 hs a 16:00 hs.',
  options: {
    media: null,
    buttons: [],
    capture: false,
    child: null,
    delay: 0,
    idle: null,
    ref: null,
    nested: [
      [Object], [Object],
      [Object], [Object],
      [Object], [Object],
      [Object], [Object]
    ],
    keyword: {},
    callback: false
  },
  refSerialize: '4e31a445fb2480a08c2b2e7b483ba1cc'
}
[handleMsg]:  {
  key: {
    remoteJid: '5491165210649@s.whatsapp.net',
    fromMe: false,
    id: '3EB0889084F3BF7CB6F686',
    participant: undefined
  },
  messageTimestamp: 1713581630,
  pushName: 'Sebastián Bocaccio',
  broadcast: false,
  message: Message {
    conversation: '2',
    messageContextInfo: MessageContextInfo {
      deviceListMetadata: [DeviceListMetadata],
      deviceListMetadataVersion: 2
    }
  },
  body: '2',
  from: '5491165210649'
}
[QUEUE_SE_ENVIO]:  {
  ref: 'ans_ef60d6cc-628e-4be9-ab3d-81922481c5d2',
  keyword: 'key_43e7776f-0606-41b0-b5de-00eadaa6bee9',
  answer: 'Nos estaremos comunicando personalmente en la brevedad para que puedas confirmar una reserva',
  options: {
    media: null,
    buttons: [],
    capture: false,
    child: null,
    delay: 0,
    idle: null,
    ref: null,
    nested: [],
    keyword: {},
    callback: true
  },
  refSerialize: '84824a2e263e813580f68d69cd794bb2'
}
[handleMsg]:  {
  key: {
    remoteJid: '5491165210649@s.whatsapp.net',
    fromMe: false,
    id: '3EB0D4C50C021DC2B9E292',
    participant: undefined
  },
  messageTimestamp: 1713581635,
  pushName: 'Sebastián Bocaccio',
  broadcast: false,
  message: Message {
    conversation: 'bueno',
    messageContextInfo: MessageContextInfo {
      deviceListMetadata: [DeviceListMetadata],
      deviceListMetadataVersion: 2
    }
  },
  body: 'bueno',
  from: '5491165210649'
}
[QUEUE_SE_ENVIO]:  {
  ref: 'ans_649d1e0d-a617-4028-bdf5-178c9c24221d',
  keyword: 'key_f89dc5e2-bc89-44fa-b977-aa0627bec0c1',
  answer: '__call_action__',
  options: {
    media: null,
    buttons: [],
    capture: false,
    child: null,
    delay: 0,
    idle: null,
    ref: null,
    nested: [],
    keyword: {},
    callback: true
  },
  refSerialize: 'f8c2566a38840edf675f356eddd1719c'
}
[QUEUE_SE_ENVIO]:  {
  ref: 'ans_a91886a7-7ad7-492c-a27e-84fcfef6bfe2',
  keyword: 'ans_649d1e0d-a617-4028-bdf5-178c9c24221d',
  answer: '__call_action__',
  options: {
    media: null,
    buttons: [],
    capture: false,
    child: null,
    delay: 0,
    idle: null,
    ref: null,
    nested: [],
    keyword: {},
    callback: true
  },
  refSerialize: '94d568a4b7529593eaa9b0eba5b9806d'
}
[handleMsg]:  {
  key: {
    remoteJid: '5491165210649@s.whatsapp.net',
    fromMe: false,
    id: '3EB020DE1298C740616779',
    participant: undefined
  },
  messageTimestamp: 1713581640,
  pushName: 'Sebastián Bocaccio',
  broadcast: false,
  message: Message {
    conversation: 'APAGAR',
    messageContextInfo: MessageContextInfo {
      deviceListMetadata: [DeviceListMetadata],
      deviceListMetadataVersion: 2
    }
  },
  body: 'APAGAR',
  from: '5491165210649'
}
[QUEUE_SE_ENVIO]:  {
  ref: 'ans_59fa7410-bfe8-459a-be66-512a945c4fc4',
  keyword: 'key_ece4e629-9032-4cc0-9bfc-ae44a97795ea',
  answer: '__call_action__',
  options: {
    media: null,
    buttons: [],
    capture: false,
    child: null,
    delay: 0,
    idle: null,
    ref: null,
    nested: [],
    keyword: {},
    callback: true
  },
  refSerialize: '17be091c804ac142fcb0325ef474ecf0'
}
[handleMsg]:  {
  key: {
    remoteJid: '5491165210649@s.whatsapp.net',
    fromMe: false,
    id: '3EB0C33E1FBF39CFC286E3',
    participant: undefined
  },
  messageTimestamp: 1713581650,
  pushName: 'Sebastián Bocaccio',
  broadcast: false,
  message: Message {
    conversation: 'ahora no me hables nunca más',
    messageContextInfo: MessageContextInfo {
      deviceListMetadata: [DeviceListMetadata],
      deviceListMetadataVersion: 2
    }
  },
  body: 'ahora no me hables nunca más',
  from: '5491165210649'
}
[QUEUE_SE_ENVIO]:  {
  ref: 'ans_649d1e0d-a617-4028-bdf5-178c9c24221d',
  keyword: 'key_f89dc5e2-bc89-44fa-b977-aa0627bec0c1',
  answer: '__call_action__',
  options: {
    media: null,
    buttons: [],
    capture: false,
    child: null,
    delay: 0,
    idle: null,
    ref: null,
    nested: [],
    keyword: {},
    callback: true
  },
  refSerialize: 'f8c2566a38840edf675f356eddd1719c'
}
[handleMsg]:  {
  key: {
    remoteJid: '5491165210649@s.whatsapp.net',
    fromMe: false,
    id: '3EB02C4FCF4AF2297FE764',
    participant: undefined
  },
  messageTimestamp: 1713581655,
  pushName: 'Sebastián Bocaccio',
  broadcast: false,
  message: Message {
    conversation: 'PRENDER',
    messageContextInfo: MessageContextInfo {
      deviceListMetadata: [DeviceListMetadata],
      deviceListMetadataVersion: 2
    }
  },
  body: 'PRENDER',
  from: '5491165210649'
}
[QUEUE_SE_ENVIO]:  {
  ref: 'ans_59fa7410-bfe8-459a-be66-512a945c4fc4',
  keyword: 'key_ece4e629-9032-4cc0-9bfc-ae44a97795ea',
  answer: '__call_action__',
  options: {
    media: null,
    buttons: [],
    capture: false,
    child: null,
    delay: 0,
    idle: null,
    ref: null,
    nested: [],
    keyword: {},
    callback: true
  },
  refSerialize: '17be091c804ac142fcb0325ef474ecf0'
}
[handleMsg]:  {
  key: {
    remoteJid: '5491165210649@s.whatsapp.net',
    fromMe: false,
    id: '3EB0E10284ACC2CD941CEF',
    participant: undefined
  },
  messageTimestamp: 1713581659,
  pushName: 'Sebastián Bocaccio',
  broadcast: false,
  message: Message {
    conversation: 'pero no me respondes',
    messageContextInfo: MessageContextInfo {
      deviceListMetadata: [DeviceListMetadata],
      deviceListMetadataVersion: 2
    }
  },
  body: 'pero no me respondes',
  from: '5491165210649'
}
[handleMsg]:  {
  key: {
    remoteJid: '5491165210649@s.whatsapp.net',
    fromMe: false,
    id: '3EB087A82A5EB7B5C2F3A5',
    participant: undefined
  },
  messageTimestamp: 1713581664,
  pushName: 'Sebastián Bocaccio',
  broadcast: false,
  message: Message {
    conversation: 'porque termine el flow',
    messageContextInfo: MessageContextInfo {
      deviceListMetadata: [DeviceListMetadata],
      deviceListMetadataVersion: 2
    }
  },
  body: 'porque termine el flow',
  from: '5491165210649'
}
